<?xml version="1.0" encoding="UTF-8"?>
<testsuite xmlns:xsi="http://www.w3.org/2001/XMLSchema-instance" xsi:noNamespaceSchemaLocation="https://maven.apache.org/surefire/maven-surefire-plugin/xsd/surefire-test-report-3.0.xsd" version="3.0" name="com.annguyen.MathUtillityTDDTTest" time="0.076" tests="7" errors="0" skipped="0" failures="0">
  <properties>
[...]
</properties>
  <testcase name="TestFactorialGivenRightArgRunsWell(int, long)[1]" classname="com.annguyen.MathUtillityTDDTTest" time="0.017"/>
  <testcase name="TestFactorialGivenRightArgRunsWell(int, long)[2]" classname="com.annguyen.MathUtillityTDDTTest" time="0.001"/>
  <testcase name="TestFactorialGivenRightArgRunsWell(int, long)[3]" classname="com.annguyen.MathUtillityTDDTTest" time="0.001"/>
  <testcase name="TestFactorialGivenRightArgRunsWell(int, long)[4]" classname="com.annguyen.MathUtillityTDDTTest" time="0.001"/>
  <testcase name="TestFactorialGivenRightArgRunsWell(int, long)[5]" classname="com.annguyen.MathUtillityTDDTTest" time="0.001"/>
  <testcase name="TestFactorialGivenRightArgRunsWell(int, long)[6]" classname="com.annguyen.MathUtillityTDDTTest" time="0.001"/>
  <testcase name="TestFactorialGivenRightArgRunsWell(int, long)[7]" classname="com.annguyen.MathUtillityTDDTTest" time="0.002"/>
</testsuite>